

processing file: Chapter_01_Transistor_Fundamentals.Rmd
1/43                                     
2/43 [setup]                             
Warning: program compiled against libxml 213 using older 209
3/43                                     
4/43 [roadmap-diagram]                   
5/43                                     
6/43 [hemt-structure-diagram]            
7/43                                     
8/43 [gan-2deg-band-diagram]             
9/43                                     
10/43 [technology-cross-sections]         
11/43                                     
12/43 [technology-comparison-table]       
13/43                                     
14/43 [gan-small-signal-circuit]          
15/43                                     
16/43 [iv-curves-gan-hemt]                
17/43                                     
18/43 [transfer-curves-gan-hemt]          
19/43                                     
20/43 [trap-types-diagram]                
21/43                                     
22/43 [trapping-effects-performance]      
23/43                                     
24/43 [doe-device-table]                  
25/43                                     
26/43 [vna-setup-diagram]                 
27/43                                     
28/43 [stability-analysis-placeholder]    
29/43                                     
30/43 [loadpull-setup-diagram]            
31/43                                     
32/43 [loadpull-contours-placeholder]     
33/43                                     
34/43 [project-specs-table]               
35/43                                     
36/43 [doe-sequence-flowchart]            
37/43                                     
38/43 [selection-criteria-table]          
39/43                                     
40/43 [doe-results-comparison-placeholder]
41/43                                     
42/43 [final-decision-table-placeholder]  
43/43                                     
output file: Chapter_01_Transistor_Fundamentals.knit.md

/usr/bin/pandoc +RTS -K512m -RTS Chapter_01_Transistor_Fundamentals.knit.md --to html4 --from markdown+autolink_bare_uris+tex_math_single_backslash --output Chapter_01_Transistor_Fundamentals.html --lua-filter /home/codespace/R/x86_64-pc-linux-gnu-library/4.3/rmarkdown/rmarkdown/lua/pagebreak.lua --lua-filter /home/codespace/R/x86_64-pc-linux-gnu-library/4.3/rmarkdown/rmarkdown/lua/latex-div.lua --embed-resources --standalone --variable bs3=TRUE --section-divs --table-of-contents --toc-depth 4 --variable toc_float=1 --variable toc_selectors=h1,h2,h3,h4 --variable toc_collapsed=1 --variable toc_smooth_scroll=1 --variable toc_print=1 --template /home/codespace/R/x86_64-pc-linux-gnu-library/4.3/rmarkdown/rmd/h/default.html --highlight-style kate --number-sections --variable theme=cosmo --css custom_mobile_styles.css --mathjax --variable 'mathjax-url=https://mathjax.rstudio.com/latest/MathJax.js?config=TeX-AMS-MML_HTMLorMML' --include-in-header /tmp/RtmpEYG6KS/rmarkdown-str21af846cd565c.html --variable code_folding=hide --variable code_menu=1 --citeproc 
[WARNING] Could not fetch resource custom_mobile_styles.css

Output created: Chapter_01_Transistor_Fundamentals.html
